<?xml version="1.0" encoding="UTF-8"?>

<summary version="1.0" xsi:noNamespaceSchemaLocation="$XMLSUMMARYBASEROOT/xml/XMLSummary.xsd" xmlns:xsi="http://www.w3.org/2001/XMLSchema-instance">
	<success>False</success>
	<step>finalize</step>
	<usage>
		<stat unit="KB" useOf="MemoryMaximum">540644.0</stat>
	</usage>
	<input>
		<file GUID="CAA89D27-E42D-DC11-B844-003048836626" name="PFN:rfio:/castor/cern.ch/user/c/cattanem/Brunel/v32r1/00001820_00000001_5.dst" status="part">4</file>
	</input>
	<output>
		<file GUID="96E7B1D9-9AC5-DF11-96BF-003048673256" name="PFN:PoolDst.root" status="full">4</file>
	</output>
	<counters>
		<counter name="Counter/executed">4</counter>
		<counter name="CounterSummarySvc/handled">10</counter>
	</counters>
	<lumiCounters />
</summary>
