<?xml version="1.0" encoding="UTF-8"?>

<summary xmlns:xsi="http://www.w3.org/2001/XMLSchema-instance" version="1.0" xsi:noNamespaceSchemaLocation="$XMLSUMMARYBASEROOT/xml/XMLSummary.xsd">
	<success>True</success>
	<step>finalize</step>
	<usage>
		<stat unit="KB" useOf="MemoryMaximum">1140064.0</stat>
	</usage>
	<input>
		<file GUID="28B6CE68-6E10-E211-87CF-003048C5F645" name="PFN:root://eoslhcb.cern.ch//eos/lhcb/grid/prod/lhcb/swtest/lhcb/LHCb/Collision12/FULL.DST/00020330/0004/00020330_00042960_1.full.dst" status="part">5</file>
	</input>
	<output>
		<file GUID="087070A9-9A9C-E411-AE12-02163E010E0C" name="PFN:RootDst.root" status="full">5</file>
	</output>
	<counters>
		<counter name="CounterSummarySvc/handled">12</counter>
		<statEntity format="Flag Entries Flag2" max="1.0" min="0.0" name="TestCounter/efficiency">5.0 5.0 5.0</statEntity>
	</counters>
	<lumiCounters />
</summary>
