<?xml version="1.0" encoding="UTF-8"?>

<summary xmlns:xsi="http://www.w3.org/2001/XMLSchema-instance" version="1.0" xsi:noNamespaceSchemaLocation="$XMLSUMMARYBASEROOT/xml/XMLSummary.xsd">
	<success>False</success>
	<step>finalize</step>
	<usage>
		<stat unit="KB" useOf="MemoryMaximum">1178208.0</stat>
	</usage>
	<input>
		<file GUID="28B6CE68-6E10-E211-87CF-003048C5F645" name="PFN:root://eoslhcb.cern.ch//eos/lhcb/grid/prod/lhcb/swtest/lhcb/LHCb/Collision12/FULL.DST/00020330/0004/00020330_00042960_1.full.dst" status="part">4</file>
	</input>
	<output>
		<file GUID="087070A9-9A9C-E411-AE12-02163E010E0C" name="PFN:RootDst.root" status="full">4</file>
	</output>
	<counters>
		<counter name="Counter/executed">4</counter>
		<counter name="CounterSummarySvc/handled">10</counter>
	</counters>
	<lumiCounters />
</summary>
