<?xml version="1.0" encoding="UTF-8"?>

<summary version="1.0" xsi:noNamespaceSchemaLocation="$XMLSUMMARYBASEROOT/xml/XMLSummary.xsd" xmlns:xsi="http://www.w3.org/2001/XMLSchema-instance">
	<success>True</success>
	<step>finalize</step>
	<usage>
		<stat unit="KB" useOf="MemoryMaximum">516972.0</stat>
	</usage>
	<input>
		<file GUID="" name="PFN:rfio:/castor/cern.ch/user/c/cattanem/Brunel/v32r1/00001820_00000001_5.dst" status="part">0</file>
	</input>
	<output>
		<file GUID="" name="PFN:PoolDst.root" status="fail">0</file>
	</output>
	<counters>
		<counter name="CounterSummarySvc/handled">3</counter>
		<statEntity format="Flag Entries Flag2" max="1.0" min="0.0" name="TestCounter/efficiency">1.0 1.0 1.0</statEntity>
	</counters>
	<lumiCounters />
</summary>
