<?xml version="1.0" encoding="UTF-8"?>

<summary xmlns:xsi="http://www.w3.org/2001/XMLSchema-instance" version="1.0" xsi:noNamespaceSchemaLocation="$XMLSUMMARYBASEROOT/xml/XMLSummary.xsd">
	<success>False</success>
	<step>finalize</step>
	<usage>
		<stat unit="KB" useOf="MemoryMaximum">1129336.0</stat>
	</usage>
	<input>
		<file GUID="28B6CE68-6E10-E211-87CF-003048C5F645" name="PFN:root://eoslhcb.cern.ch//eos/lhcb/grid/prod/lhcb/swtest/lhcb/LHCb/Collision12/FULL.DST/00020330/0004/00020330_00042960_1.full.dst" status="part">1</file>
		<file GUID="" name="PFN:/SomeFileYouCannotWriteTo.root" status="fail">0</file>
	</input>
	<output>
		<file GUID="" name="PFN:/SomeFileYouCannotWriteTo.root" status="fail">0</file>
	</output>
	<counters>
		<counter name="CounterSummarySvc/handled">7</counter>
		<statEntity format="Flag Entries Flag2" max="1.0" min="0.0" name="TestCounter/efficiency">1.0 1.0 1.0</statEntity>
	</counters>
	<lumiCounters />
</summary>
