<?xml version="1.0" encoding="UTF-8"?>

<summary version="1.0" xsi:noNamespaceSchemaLocation="$XMLSUMMARYBASEROOT/xml/XMLSummary.xsd" xmlns:xsi="http://www.w3.org/2001/XMLSchema-instance">
	<success>True</success>
	<step>finalize</step>
	<usage>
		<stat unit="KB" useOf="MemoryMaximum">253292.0</stat>
	</usage>
	<input>
		<file GUID="96219CE3-0330-DE11-9662-00304879EE40" name="PFN:rfio:/castor/cern.ch/user/c/cattanem/Brunel/v34r5/00001820_00000001.dst" status="part">5</file>
	</input>
	<output>
		<file GUID="82197A7B-4FB2-DE11-89EC-001E4F3E5C1F" name="PFN:PoolDst.root" status="full">5</file>
	</output>
	<counters>
		<counter name="CounterSummarySvc/handled">12</counter>
		<statEntity format="Flag Entries Flag2" max="1.0" min="0.0" name="TestCounter/efficiency">5.0 5.0 5.0</statEntity>
	</counters>
	<lumiCounters />
</summary>
